[08:11:32] [Server thread/WARN]: Can't keep up! Did the system time change, or is the server overloaded? Running 35295091ms behind, skipping 705901 tick(s)
[08:11:38] [Server thread/WARN]: Can't keep up! Did the system time change, or is the server overloaded? Running 2389ms behind, skipping 47 tick(s)
[08:42:03] [Server thread/WARN]: Can't keep up! Did the system time change, or is the server overloaded? Running 1797184ms behind, skipping 35943 tick(s)
[08:42:04] [Server thread/WARN]: Time ran backwards! Did the system time change?
[09:00:27] [Server thread/WARN]: Can't keep up! Did the system time change, or is the server overloaded? Running 1051327ms behind, skipping 21026 tick(s)
[09:06:54] [Server thread/WARN]: Can't keep up! Did the system time change, or is the server overloaded? Running 335644ms behind, skipping 6712 tick(s)
[09:06:56] [Server thread/WARN]: Time ran backwards! Did the system time change?
[09:23:00] [Server thread/WARN]: Can't keep up! Did the system time change, or is the server overloaded? Running 945461ms behind, skipping 18909 tick(s)
[09:42:39] [Server thread/WARN]: Can't keep up! Did the system time change, or is the server overloaded? Running 914655ms behind, skipping 18293 tick(s)
[10:01:40] [Server thread/WARN]: Can't keep up! Did the system time change, or is the server overloaded? Running 1088798ms behind, skipping 21775 tick(s)
[10:18:43] [Server thread/WARN]: Can't keep up! Did the system time change, or is the server overloaded? Running 971300ms behind, skipping 19426 tick(s)
[10:42:14] [Server thread/WARN]: Can't keep up! Did the system time change, or is the server overloaded? Running 1358644ms behind, skipping 27172 tick(s)
[11:02:32] [Server thread/WARN]: Can't keep up! Did the system time change, or is the server overloaded? Running 951806ms behind, skipping 19036 tick(s)
[11:15:01] [Server thread/WARN]: Can't keep up! Did the system time change, or is the server overloaded? Running 696293ms behind, skipping 13925 tick(s)
[11:46:06] [Server thread/WARN]: Time ran backwards! Did the system time change?
[11:58:18] [Server thread/WARN]: Can't keep up! Did the system time change, or is the server overloaded? Running 727366ms behind, skipping 14547 tick(s)
[11:58:21] [Server thread/WARN]: Time ran backwards! Did the system time change?
[12:14:04] [Server thread/WARN]: Can't keep up! Did the system time change, or is the server overloaded? Running 135036ms behind, skipping 2700 tick(s)
[14:29:14] [Server thread/WARN]: Can't keep up! Did the system time change, or is the server overloaded? Running 7194146ms behind, skipping 143882 tick(s)
[14:39:01] [Server thread/WARN]: Can't keep up! Did the system time change, or is the server overloaded? Running 581454ms behind, skipping 11629 tick(s)
[14:40:05] [Server thread/WARN]: Can't keep up! Did the system time change, or is the server overloaded? Running 20191ms behind, skipping 403 tick(s)
[14:40:06] [Server thread/WARN]: Time ran backwards! Did the system time change?
[15:30:44] [Server thread/INFO]: ZorksFrenemy lost connection: Internal Exception: java.io.IOException: Connection reset by peer
[15:30:44] [Server thread/INFO]: ZorksFrenemy left the game
[15:30:57] [Server thread/INFO]: Stopping the server
[15:30:57] [Server thread/INFO]: Stopping server
[15:30:57] [Server thread/INFO]: [RaspberryJuice] Disabling RaspberryJuice v1.10
[15:30:57] [Server thread/INFO]: [RaspberryJuice] Closed connection to/127.0.0.1:51733.
[15:30:57] [Server thread/INFO]: [RaspberryJuice] Raspberry Juice Stopped
[15:30:57] [Server thread/INFO]: Saving players
[15:30:57] [Server thread/INFO]: Saving worlds
[15:30:57] [Server thread/INFO]: Saving chunks for level 'world'/overworld
[15:30:57] [Server thread/INFO]: Saving chunks for level 'world_nether'/the_nether
[15:30:57] [Server thread/INFO]: Saving chunks for level 'world_the_end'/the_end
